13-Jul-2009 15:32:20 org.apache.catalina.core.ApplicationContext log
INFO: ContextListener: contextInitialized()
13-Jul-2009 15:32:20 org.apache.catalina.core.ApplicationContext log
INFO: SessionListener: contextInitialized()
13-Jul-2009 15:32:41 org.apache.catalina.core.ApplicationContext log
INFO: ContextListener: contextInitialized()
13-Jul-2009 15:32:41 org.apache.catalina.core.ApplicationContext log
INFO: SessionListener: contextInitialized()
13-Jul-2009 15:39:26 org.apache.catalina.core.StandardWrapperValve invoke
SEVERE: Allocate exception for servlet XmlRpcServlet
org.apache.xmlrpc.XmlRpcException: Unable to load class: 
	at org.apache.xmlrpc.server.PropertyHandlerMapping.newHandlerClass(PropertyHandlerMapping.java:81)
	at org.apache.xmlrpc.server.PropertyHandlerMapping.load(PropertyHandlerMapping.java:70)
	at org.apache.xmlrpc.webserver.XmlRpcServlet.newPropertyHandlerMapping(XmlRpcServlet.java:112)
	at org.apache.xmlrpc.webserver.XmlRpcServlet.newXmlRpcHandlerMapping(XmlRpcServlet.java:99)
	at org.apache.xmlrpc.webserver.XmlRpcServlet.init(XmlRpcServlet.java:65)
	at org.apache.catalina.core.StandardWrapper.loadServlet(StandardWrapper.java:1161)
	at org.apache.catalina.core.StandardWrapper.allocate(StandardWrapper.java:806)
	at org.apache.catalina.core.StandardWrapperValve.invoke(StandardWrapperValve.java:129)
	at org.apache.catalina.core.StandardContextValve.invoke(StandardContextValve.java:175)
	at org.apache.catalina.core.StandardHostValve.invoke(StandardHostValve.java:128)
	at org.apache.catalina.valves.ErrorReportValve.invoke(ErrorReportValve.java:102)
	at org.apache.catalina.core.StandardEngineValve.invoke(StandardEngineValve.java:109)
	at org.apache.catalina.connector.CoyoteAdapter.service(CoyoteAdapter.java:263)
	at org.apache.coyote.http11.Http11Processor.process(Http11Processor.java:844)
	at org.apache.coyote.http11.Http11Protocol$Http11ConnectionHandler.process(Http11Protocol.java:584)
	at org.apache.tomcat.util.net.JIoEndpoint$Worker.run(JIoEndpoint.java:447)
	at java.lang.Thread.run(Thread.java:619)
Caused by:
java.lang.ClassNotFoundException: 
	at org.apache.catalina.loader.WebappClassLoader.loadClass(WebappClassLoader.java:1358)
	at org.apache.catalina.loader.WebappClassLoader.loadClass(WebappClassLoader.java:1204)
	at org.apache.xmlrpc.server.PropertyHandlerMapping.newHandlerClass(PropertyHandlerMapping.java:79)
	at org.apache.xmlrpc.server.PropertyHandlerMapping.load(PropertyHandlerMapping.java:70)
	at org.apache.xmlrpc.webserver.XmlRpcServlet.newPropertyHandlerMapping(XmlRpcServlet.java:112)
	at org.apache.xmlrpc.webserver.XmlRpcServlet.newXmlRpcHandlerMapping(XmlRpcServlet.java:99)
	at org.apache.xmlrpc.webserver.XmlRpcServlet.init(XmlRpcServlet.java:65)
	at org.apache.catalina.core.StandardWrapper.loadServlet(StandardWrapper.java:1161)
	at org.apache.catalina.core.StandardWrapper.allocate(StandardWrapper.java:806)
	at org.apache.catalina.core.StandardWrapperValve.invoke(StandardWrapperValve.java:129)
	at org.apache.catalina.core.StandardContextValve.invoke(StandardContextValve.java:175)
	at org.apache.catalina.core.StandardHostValve.invoke(StandardHostValve.java:128)
	at org.apache.catalina.valves.ErrorReportValve.invoke(ErrorReportValve.java:102)
	at org.apache.catalina.core.StandardEngineValve.invoke(StandardEngineValve.java:109)
	at org.apache.catalina.connector.CoyoteAdapter.service(CoyoteAdapter.java:263)
	at org.apache.coyote.http11.Http11Processor.process(Http11Processor.java:844)
	at org.apache.coyote.http11.Http11Protocol$Http11ConnectionHandler.process(Http11Protocol.java:584)
	at org.apache.tomcat.util.net.JIoEndpoint$Worker.run(JIoEndpoint.java:447)
	at java.lang.Thread.run(Thread.java:619)
13-Jul-2009 15:41:32 org.apache.catalina.core.ApplicationContext log
INFO: SessionListener: contextDestroyed()
13-Jul-2009 15:41:32 org.apache.catalina.core.ApplicationContext log
INFO: ContextListener: contextDestroyed()
